<?xml version="1.0" encoding="UTF-8"?>
<!-- Generated by org.testng.reporters.JUnitReportReporter -->
<testsuite hostname="Sandz" failures="0" tests="3" name="com.crm.qa.Tests.LoginPageTest" time="50.369" errors="0" timestamp="2019-08-15T13:21:17 GMT-04:00" skipped="0">
  <testcase classname="com.crm.qa.Tests.LoginPageTest" name="CRMLogoTest" time="16.886"/>
  <testcase classname="com.crm.qa.Tests.LoginPageTest" name="loginInTOAppTest" time="21.045"/>
  <testcase classname="com.crm.qa.Tests.LoginPageTest" name="loginPageTitleTest" time="12.438"/>
</testsuite> <!-- com.crm.qa.Tests.LoginPageTest -->
